============================= test session starts ==============================
platform linux -- Python 3.13.5, pytest-9.0.2, pluggy-1.6.0 -- /opt/pyvenv/bin/python
cachedir: .pytest_cache
metadata: {'Python': '3.13.5', 'Platform': 'Linux-6.18.44-x86_64-with-glibc2.41', 'Packages': {'pytest': '9.0.2', 'pluggy': '1.6.0'}, 'Plugins': {'anyio': '4.13.0', 'ddtrace': '4.4.0', 'Faker': '40.1.2', 'asyncio': '1.3.0', 'cov': '7.0.0', 'json-report': '1.5.0', 'metadata': '3.1.1'}, 'PLATFORM': 'linux/amd64', 'CI': 'true'}
rootdir: /mnt/data/TampaSigns_v0.2_work/signshop-os
plugins: anyio-4.13.0, ddtrace-4.4.0, Faker-40.1.2, asyncio-1.3.0, cov-7.0.0, json-report-1.5.0, metadata-3.1.1
asyncio: mode=Mode.STRICT, debug=False, asyncio_default_fixture_loop_scope=None, asyncio_default_test_loop_scope=function
collecting ... collected 75 items

tests/test_approval_production.py::test_end_to_end_approval_deposit_tasks_and_final_balance PASSED [  1%]
tests/test_approval_production.py::test_old_proof_cannot_be_approved_and_new_proof_invalidates_gate PASSED [  2%]
tests/test_approval_production.py::test_revision_request_requires_new_proof PASSED [  4%]
tests/test_approval_production.py::test_payment_reporting_never_marks_paid PASSED [  5%]
tests/test_approval_production.py::test_payment_idempotency_and_amount_validation PASSED [  6%]
tests/test_approval_production.py::test_quote_revision_revokes_acceptance_and_payment_link PASSED [  8%]
tests/test_approval_production.py::test_blank_layout_is_not_approval_eligible PASSED [  9%]
tests/test_approval_production.py::test_generated_complete_layout_and_cross_job_asset_restriction PASSED [ 10%]
tests/test_approval_production.py::test_proof_and_financial_revisions_are_blocked_after_production_starts PASSED [ 12%]
tests/test_approval_production.py::test_task_state_machine_does_not_skip_start_or_double_start PASSED [ 13%]
tests/test_approval_production.py::test_file_integrity_is_checked_at_approval PASSED [ 14%]
tests/test_approval_production.py::test_payment_correction_is_local_only_and_restores_balance PASSED [ 16%]
tests/test_approval_production.py::test_private_staff_message_not_visible_to_customer PASSED [ 17%]
tests/test_approval_production.py::test_missing_proof_file_blocks_approval_cleanly PASSED [ 18%]
tests/test_checkout_privacy.py::test_customer_api_strips_internal_details PASSED [ 20%]
tests/test_checkout_privacy.py::test_internal_reference_layout_is_not_customer_downloadable PASSED [ 21%]
tests/test_checkout_privacy.py::test_checkout_disabled_until_connected_and_reviewed PASSED [ 22%]
tests/test_checkout_privacy.py::test_standard_products_can_be_purchased[1-3-3-50] PASSED [ 24%]
tests/test_checkout_privacy.py::test_standard_products_can_be_purchased[2-2-2-50] PASSED [ 25%]
tests/test_checkout_privacy.py::test_standard_products_can_be_purchased[3-3-3-10] PASSED [ 26%]
tests/test_checkout_privacy.py::test_standard_products_can_be_purchased[4-72-36-1] PASSED [ 28%]
tests/test_checkout_privacy.py::test_standard_products_can_be_purchased[5-24-18-1] PASSED [ 29%]
tests/test_checkout_privacy.py::test_standard_products_can_be_purchased[6-24-18-1] PASSED [ 30%]
tests/test_checkout_privacy.py::test_wraps_installation_and_oversize_reject_checkout[7-44-92] PASSED [ 32%]
tests/test_checkout_privacy.py::test_wraps_installation_and_oversize_reject_checkout[8-120-30.5] PASSED [ 33%]
tests/test_checkout_privacy.py::test_wraps_installation_and_oversize_reject_checkout[9-54-120] PASSED [ 34%]
tests/test_checkout_privacy.py::test_wraps_installation_and_oversize_reject_checkout[10-180-120] PASSED [ 36%]
tests/test_checkout_privacy.py::test_wraps_installation_and_oversize_reject_checkout[4-200-400] PASSED [ 37%]
tests/test_checkout_privacy.py::test_checkout_confirmation_and_csrf_required PASSED [ 38%]
tests/test_checkout_privacy.py::test_saved_order_is_idempotent_and_price_locked PASSED [ 40%]
tests/test_checkout_privacy.py::test_stale_price_rejected_at_order_creation PASSED [ 41%]
tests/test_checkout_privacy.py::test_payment_session_reused_and_no_card_fields_returned PASSED [ 42%]
tests/test_checkout_privacy.py::test_valid_signed_payment_counts_once_but_proof_still_required PASSED [ 44%]
tests/test_checkout_privacy.py::test_invalid_payment_cannot_clear_balance[invalid_signature] PASSED [ 45%]
tests/test_checkout_privacy.py::test_invalid_payment_cannot_clear_balance[stale_signature] PASSED [ 46%]
tests/test_checkout_privacy.py::test_invalid_payment_cannot_clear_balance[wrong_mode] PASSED [ 48%]
tests/test_checkout_privacy.py::test_invalid_payment_cannot_clear_balance[wrong_amount] PASSED [ 49%]
tests/test_checkout_privacy.py::test_invalid_payment_cannot_clear_balance[wrong_job] PASSED [ 50%]
tests/test_checkout_privacy.py::test_invalid_payment_cannot_clear_balance[wrong_currency] PASSED [ 52%]
tests/test_checkout_privacy.py::test_invalid_payment_cannot_clear_balance[unpaid] PASSED [ 53%]
tests/test_checkout_privacy.py::test_shipping_uses_stripe_tax_and_reconciles_address PASSED [ 54%]
tests/test_checkout_privacy.py::test_refunds_and_disputes_update_received_amount PASSED [ 56%]
tests/test_checkout_privacy.py::test_early_refund_cannot_be_lost_by_later_paid_event PASSED [ 57%]
tests/test_checkout_privacy.py::test_server_checks_provider_before_replacing_expired_session PASSED [ 58%]
tests/test_checkout_privacy.py::test_unpaid_return_cannot_fake_receipt_and_paid_retry_reconciles PASSED [ 60%]
tests/test_checkout_privacy.py::test_customer_approval_of_generated_proof_still_downloads PASSED [ 61%]
tests/test_pricing_security.py::test_public_calculator_uses_net_area_and_hides_costs PASSED [ 62%]
tests/test_pricing_security.py::test_pricing_rejects_invalid_inputs[overrides0] PASSED [ 64%]
tests/test_pricing_security.py::test_pricing_rejects_invalid_inputs[overrides1] PASSED [ 65%]
tests/test_pricing_security.py::test_pricing_rejects_invalid_inputs[overrides2] PASSED [ 66%]
tests/test_pricing_security.py::test_pricing_rejects_invalid_inputs[overrides3] PASSED [ 68%]
tests/test_pricing_security.py::test_pricing_rejects_invalid_inputs[overrides4] PASSED [ 69%]
tests/test_pricing_security.py::test_pricing_rejects_invalid_inputs[overrides5] PASSED [ 70%]
tests/test_pricing_security.py::test_pricing_rejects_invalid_inputs[overrides6] PASSED [ 72%]
tests/test_pricing_security.py::test_pricing_rejects_invalid_inputs[overrides7] PASSED [ 73%]
tests/test_pricing_security.py::test_pricing_rejects_invalid_inputs[overrides8] PASSED [ 74%]
tests/test_pricing_security.py::test_pricing_rejects_invalid_inputs[overrides9] PASSED [ 76%]
tests/test_pricing_security.py::test_quantity_tiers_are_monotonic PASSED [ 77%]
tests/test_pricing_security.py::test_frontend_price_cannot_override_server_price PASSED [ 78%]
tests/test_pricing_security.py::test_rate_changes_preserve_existing_job_snapshot_and_reject_stale_cart PASSED [ 80%]
tests/test_pricing_security.py::test_employee_cannot_modify_finances_or_catalog PASSED [ 81%]
tests/test_pricing_security.py::test_csrf_and_cross_origin_protection PASSED [ 82%]
tests/test_pricing_security.py::test_private_portal_is_job_scoped_and_rotatable PASSED [ 84%]
tests/test_pricing_security.py::test_rejects_unsafe_payment_urls[http://intuit.com/test] PASSED [ 85%]
tests/test_pricing_security.py::test_rejects_unsafe_payment_urls[https://intuit.com.attacker.example/a] PASSED [ 86%]
tests/test_pricing_security.py::test_rejects_unsafe_payment_urls[https://intuit.com@attacker.example/a] PASSED [ 88%]
tests/test_pricing_security.py::test_rejects_unsafe_payment_urls[javascript:alert(1)] PASSED [ 89%]
tests/test_pricing_security.py::test_rejects_unsafe_payment_urls[https://attacker.example] PASSED [ 90%]
tests/test_pricing_security.py::test_rejects_unsafe_payment_urls[https://intuit.com:8443/a] PASSED [ 92%]
tests/test_pricing_security.py::test_upload_types_and_authenticated_downloads PASSED [ 93%]
tests/test_pricing_security.py::test_concurrent_employee_claim_has_one_winner PASSED [ 94%]
tests/test_pricing_security.py::test_deactivated_employee_session_is_revoked PASSED [ 96%]
tests/test_pricing_security.py::test_workflow_update_does_not_change_existing_tasks PASSED [ 97%]
tests/test_pricing_security.py::test_seed_measurements_are_preserved PASSED [ 98%]
tests/test_pricing_security.py::test_product_id_must_not_silently_truncate PASSED [100%]

======================== 75 passed in 63.25s (0:01:03) =========================
